2026-01-06 13:40:24 - Response: Successful, API mapping is missing
2026-01-06 13:40:56 - Response: Successful, API mapping is missing
2026-01-06 14:21:58
POSTDATA: Array
(
    [name] => divtest divtest
    [mobile] => 0943578347
    [email] => 
    [requirement] => Visitor IP: ::1 | Location: 
    [interested_in] => 
)
RESPONSE: Successful, API mapping is missing
---------------------
2026-01-06 14:24:52
POSTDATA: Array
(
    [name] => divtesti divtesti
    [mobile] => 9487584345
    [requirement] => Visitor IP: ::1 | Location: 
    [interested_in] => 
)
RESPONSE: Successful, API mapping is missing
---------------------
2026-01-06 14:30:47
POSTDATA: Array
(
    [name] => Diutest crm
    [mobile] => 9863455636
    [requirement] => Visitor IP: ::1 | Location: 
    [remark] => 
    [interested_in] => 
    [project] => 
)
RESPONSE: Successful, API mapping is missing
---------------------
2026-01-06 14:36:55
POSTDATA: Array
(
    [name] => diutesting testing
    [mobile] => 9847563475
    [requirement] => Project: Riverview City, Location: Loni Kalbhor, Visitor IP: ::1, Lead Location: 
    [interested_in] => 
)
RESPONSE: Successful, API mapping is missing
---------------------
2026-01-06 18:21:15
POSTDATA: Array
(
    [name] => divya testing divya
    [mobile] => 9834786578
    [requirement] => Project: Riverview City, Location: Loni Kalbhor, Visitor IP: ::1, Lead Location: 
    [interested_in] => 
)
RESPONSE: Successful, API mapping is missing
---------------------
2026-01-06 18:28:00
POSTDATA: Array
(
    [name] => divyatest divyatest
    [mobile] => 9834767655
    [requirement] => Project: Riverview City, Location: , Visitor IP: ::1, Lead Location: 
    [interested_in] => 2BHK - Riverview City
)
RESPONSE: Successful, API mapping is missing
---------------------
2026-01-06 18:30:40
POSTDATA: Array
(
    [name] => divyatesting divyatesting
    [mobile] => 9834767435
    [requirement] => Project: Riverview City, Location: , Visitor IP: ::1, Lead Location: 
    [interested_in] => 2BHK - Riverview City
)
RESPONSE: Successful, API mapping is missing
---------------------
2026-01-06 18:33:27
POSTDATA: Array
(
    [name] => divyatesting divyatesting
    [mobile] => 9764857956
    [requirement] => Project: Riverview City, Location: , Visitor IP: ::1, Lead Location: 
    [interested_in] => 2BHK - Riverview City
)
RESPONSE: Successful
---------------------
2026-01-06 18:39:55
POSTDATA: Array
(
    [name] => divyatest divyatest
    [mobile] => 9767834567
    [requirement] => Project: Riverview City, Location: India, Visitor IP: ::1, Lead Location: India
    [interested_in] => 2BHK - Riverview City
)
RESPONSE: Successful, API mapping is missing
---------------------
2026-01-06 18:44:19
POSTDATA: Array
(
    [name] => divyatest divyatest
    [mobile] => 9834676543
    [requirement] => Project: Riverview City, Location: India, Visitor IP: ::1, Lead Location: India
    [interested_in] => 2BHK - Riverview City
)
RESPONSE: Successful
---------------------
2026-01-06 18:56:17
IP: ::1
LOCATION: India
POSTDATA:
Array
(
    [name] => divya testing divya
    [mobile] => 9384735546
    [requirement] => Project: Riverview City, Location: India, Visitor IP: ::1, Lead Location: India
    [Requirements] => Project: Riverview City, Location: India, Visitor IP: ::1, Lead Location: India
    [requirements] => Project: Riverview City, Location: India, Visitor IP: ::1, Lead Location: India
    [interested_in] => 2BHK - Riverview City
    [Interested In] => 2BHK - Riverview City
    [interest] => 2BHK - Riverview City
    [property_interest] => 2BHK - Riverview City
)
RESPONSE:
Successful, API mapping is missing
-------------------------
2026-01-06 19:00:40
IP: ::1
AUTO LOCATION: India
POSTDATA:
Array
(
    [name] => test divya
    [mobile] => 9847535465
    [requirement] => Project: SatyamKharghar Mumbai, Location: India, Visitor IP: ::1, Lead Location: India
    [Requirements] => Project: SatyamKharghar Mumbai, Location: India, Visitor IP: ::1, Lead Location: India
    [requirements] => Project: SatyamKharghar Mumbai, Location: India, Visitor IP: ::1, Lead Location: India
    [interested_in] => 2BHK - SatyamKharghar Mumbai
    [Interested In] => 2BHK - SatyamKharghar Mumbai
    [interest] => 2BHK - SatyamKharghar Mumbai
)
RESPONSE:
Successful, API mapping is missing
----------------------
2026-01-06 19:02:51
Array
(
    [name] => testing divya
    [mobile] => 9845673456
    [requirement] => Location: India, Visitor IP: ::1, Lead Location: India
    [Requirements] => Location: India, Visitor IP: ::1, Lead Location: India
    [interested_in] => 2BHK - SatyamKharghar Mumbai
    [Interested In] => 2BHK - SatyamKharghar Mumbai
    [interest] => 2BHK - SatyamKharghar Mumbai
)
RESPONSE: Successful, API mapping is missing
----------------------
2026-01-06 19:06:27
Array
(
    [name] => test divya
    [mobile] => 9847567432
    [requirement] => Location: India, Visitor IP: ::1
    [Requirements] => Location: India, Visitor IP: ::1
    [interested_in] => 2BHK - SatyamKharghar Mumbai
    [Interested In] => 2BHK - SatyamKharghar Mumbai
    [interest] => 2BHK - SatyamKharghar Mumbai
)
RESPONSE: Successful, API mapping is missing
--------------------
2026-01-06 19:13:37
Array
(
    [name] => testing divya
    [email] => 
    [mobile] => +919838477654
    [project] => Sai Aaradhya (Kharghar)
    [remark] => Project: Sai Aaradhya (Kharghar)
Unit Type: 2 BHK
Visitor IP: ::1
Lead Location: India
    [outcome] => Digital Lead
    [budget] => Not Decided
    [anti_spam_id] => 1767723216998
)
RESPONSE: Successful, API mapping is missing
--------------------
2026-01-06 19:14:58
Array
(
    [name] => test divya
    [email] => 
    [mobile] => +919834734754
    [project] => Sai Aaradhya (Kharghar)
    [remark] => Project: Sai Aaradhya (Kharghar)
Unit Type: 2 BHK
Visitor IP: ::1
Lead Location: India
    [outcome] => Digital Lead
    [budget] => Not Decided
    [anti_spam_id] => 1767723297392
)
RESPONSE: <!DOCTYPE html>
<html>
    <head>
        <title>Runtime Error</title>
        <meta name="viewport" content="width=device-width" />
        <style>
         body {font-family:"Verdana";font-weight:normal;font-size: .7em;color:black;} 
         p {font-family:"Verdana";font-weight:normal;color:black;margin-top: -5px}
         b {font-family:"Verdana";font-weight:bold;color:black;margin-top: -5px}
         H1 { font-family:"Verdana";font-weight:normal;font-size:18pt;color:red }
         H2 { font-family:"Verdana";font-weight:normal;font-size:14pt;color:maroon }
         pre {font-family:"Consolas","Lucida Console",Monospace;font-size:11pt;margin:0;padding:0.5em;line-height:14pt}
         .marker {font-weight: bold; color: black;text-decoration: none;}
         .version {color: gray;}
         .error {margin-bottom: 10px;}
         .expandable { text-decoration:underline; font-weight:bold; color:navy; cursor:pointer; }
         @media screen and (max-width: 639px) {
          pre { width: 440px; overflow: auto; white-space: pre-wrap; word-wrap: break-word; }
         }
         @media screen and (max-width: 479px) {
          pre { width: 280px; }
         }
        </style>
    </head>

    <body bgcolor="white">

            <span><H1>Server Error in '/' Application.<hr width=100% size=1 color=silver></H1>

            <h2> <i>Runtime Error</i> </h2></span>

            <font face="Arial, Helvetica, Geneva, SunSans-Regular, sans-serif ">

            <b> Description: </b>An application error occurred on the server. The current custom error settings for this application prevent the details of the application error from being viewed remotely (for security reasons). It could, however, be viewed by browsers running on the local server machine.
            <br><br>

            <b>Details:</b> To enable the details of this specific error message to be viewable on remote machines, please create a &lt;customErrors&gt; tag within a &quot;web.config&quot; configuration file located in the root directory of the current web application. This &lt;customErrors&gt; tag should then have its &quot;mode&quot; attribute set to &quot;Off&quot;.<br><br>

            <table width=100% bgcolor="#ffffcc">
               <tr>
                  <td>
                      <code><pre>

&lt;!-- Web.Config Configuration File --&gt;

&lt;configuration&gt;
    &lt;system.web&gt;
        &lt;customErrors mode=&quot;Off&quot;/&gt;
    &lt;/system.web&gt;
&lt;/configuration&gt;</pre>                      </code>

                  </td>
               </tr>
            </table>

            <br>

            <b>Notes:</b> The current error page you are seeing can be replaced by a custom error page by modifying the &quot;defaultRedirect&quot; attribute of the application&#39;s &lt;customErrors&gt; configuration tag to point to a custom error page URL.<br><br>

            <table width=100% bgcolor="#ffffcc">
               <tr>
                  <td>
                      <code><pre>

&lt;!-- Web.Config Configuration File --&gt;

&lt;configuration&gt;
    &lt;system.web&gt;
        &lt;customErrors mode=&quot;RemoteOnly&quot; defaultRedirect=&quot;mycustompage.htm&quot;/&gt;
    &lt;/system.web&gt;
&lt;/configuration&gt;</pre>                      </code>

                  </td>
               </tr>
            </table>

            <br>

            </font>

    </body>
</html>

--------------------
2026-01-06 19:17:51
Array
(
    [name] => divu test
    [email] => 
    [mobile] => +919847543754
    [project] => Sai Aaradhya (Kharghar)
    [remark] => Project: Sai Aaradhya (Kharghar)
Unit Type: 2 BHK
Visitor IP: ::1
Lead Location: India
    [outcome] => Digital Lead
    [budget] => Not Decided
    [anti_spam_id] => 1767723470364
)
RESPONSE: <!DOCTYPE html>
<html>
    <head>
        <title>Runtime Error</title>
        <meta name="viewport" content="width=device-width" />
        <style>
         body {font-family:"Verdana";font-weight:normal;font-size: .7em;color:black;} 
         p {font-family:"Verdana";font-weight:normal;color:black;margin-top: -5px}
         b {font-family:"Verdana";font-weight:bold;color:black;margin-top: -5px}
         H1 { font-family:"Verdana";font-weight:normal;font-size:18pt;color:red }
         H2 { font-family:"Verdana";font-weight:normal;font-size:14pt;color:maroon }
         pre {font-family:"Consolas","Lucida Console",Monospace;font-size:11pt;margin:0;padding:0.5em;line-height:14pt}
         .marker {font-weight: bold; color: black;text-decoration: none;}
         .version {color: gray;}
         .error {margin-bottom: 10px;}
         .expandable { text-decoration:underline; font-weight:bold; color:navy; cursor:pointer; }
         @media screen and (max-width: 639px) {
          pre { width: 440px; overflow: auto; white-space: pre-wrap; word-wrap: break-word; }
         }
         @media screen and (max-width: 479px) {
          pre { width: 280px; }
         }
        </style>
    </head>

    <body bgcolor="white">

            <span><H1>Server Error in '/' Application.<hr width=100% size=1 color=silver></H1>

            <h2> <i>Runtime Error</i> </h2></span>

            <font face="Arial, Helvetica, Geneva, SunSans-Regular, sans-serif ">

            <b> Description: </b>An application error occurred on the server. The current custom error settings for this application prevent the details of the application error from being viewed remotely (for security reasons). It could, however, be viewed by browsers running on the local server machine.
            <br><br>

            <b>Details:</b> To enable the details of this specific error message to be viewable on remote machines, please create a &lt;customErrors&gt; tag within a &quot;web.config&quot; configuration file located in the root directory of the current web application. This &lt;customErrors&gt; tag should then have its &quot;mode&quot; attribute set to &quot;Off&quot;.<br><br>

            <table width=100% bgcolor="#ffffcc">
               <tr>
                  <td>
                      <code><pre>

&lt;!-- Web.Config Configuration File --&gt;

&lt;configuration&gt;
    &lt;system.web&gt;
        &lt;customErrors mode=&quot;Off&quot;/&gt;
    &lt;/system.web&gt;
&lt;/configuration&gt;</pre>                      </code>

                  </td>
               </tr>
            </table>

            <br>

            <b>Notes:</b> The current error page you are seeing can be replaced by a custom error page by modifying the &quot;defaultRedirect&quot; attribute of the application&#39;s &lt;customErrors&gt; configuration tag to point to a custom error page URL.<br><br>

            <table width=100% bgcolor="#ffffcc">
               <tr>
                  <td>
                      <code><pre>

&lt;!-- Web.Config Configuration File --&gt;

&lt;configuration&gt;
    &lt;system.web&gt;
        &lt;customErrors mode=&quot;RemoteOnly&quot; defaultRedirect=&quot;mycustompage.htm&quot;/&gt;
    &lt;/system.web&gt;
&lt;/configuration&gt;</pre>                      </code>

                  </td>
               </tr>
            </table>

            <br>

            </font>

    </body>
</html>

--------------------
2026-01-06 19:20:45
Array
(
    [name] => divu test
    [email] => 
    [mobile] => +919847573463
    [project] => Sai Aaradhya (Kharghar)
    [remark] => Project: Sai Aaradhya (Kharghar)
Unit Type: 2 BHK
Visitor IP: ::1
Lead Location: India
    [outcome] => Digital Lead
    [budget] => Not Decided
    [anti_spam_id] => 1767723645702
)
RESPONSE: <!DOCTYPE html>
<html>
    <head>
        <title>Runtime Error</title>
        <meta name="viewport" content="width=device-width" />
        <style>
         body {font-family:"Verdana";font-weight:normal;font-size: .7em;color:black;} 
         p {font-family:"Verdana";font-weight:normal;color:black;margin-top: -5px}
         b {font-family:"Verdana";font-weight:bold;color:black;margin-top: -5px}
         H1 { font-family:"Verdana";font-weight:normal;font-size:18pt;color:red }
         H2 { font-family:"Verdana";font-weight:normal;font-size:14pt;color:maroon }
         pre {font-family:"Consolas","Lucida Console",Monospace;font-size:11pt;margin:0;padding:0.5em;line-height:14pt}
         .marker {font-weight: bold; color: black;text-decoration: none;}
         .version {color: gray;}
         .error {margin-bottom: 10px;}
         .expandable { text-decoration:underline; font-weight:bold; color:navy; cursor:pointer; }
         @media screen and (max-width: 639px) {
          pre { width: 440px; overflow: auto; white-space: pre-wrap; word-wrap: break-word; }
         }
         @media screen and (max-width: 479px) {
          pre { width: 280px; }
         }
        </style>
    </head>

    <body bgcolor="white">

            <span><H1>Server Error in '/' Application.<hr width=100% size=1 color=silver></H1>

            <h2> <i>Runtime Error</i> </h2></span>

            <font face="Arial, Helvetica, Geneva, SunSans-Regular, sans-serif ">

            <b> Description: </b>An application error occurred on the server. The current custom error settings for this application prevent the details of the application error from being viewed remotely (for security reasons). It could, however, be viewed by browsers running on the local server machine.
            <br><br>

            <b>Details:</b> To enable the details of this specific error message to be viewable on remote machines, please create a &lt;customErrors&gt; tag within a &quot;web.config&quot; configuration file located in the root directory of the current web application. This &lt;customErrors&gt; tag should then have its &quot;mode&quot; attribute set to &quot;Off&quot;.<br><br>

            <table width=100% bgcolor="#ffffcc">
               <tr>
                  <td>
                      <code><pre>

&lt;!-- Web.Config Configuration File --&gt;

&lt;configuration&gt;
    &lt;system.web&gt;
        &lt;customErrors mode=&quot;Off&quot;/&gt;
    &lt;/system.web&gt;
&lt;/configuration&gt;</pre>                      </code>

                  </td>
               </tr>
            </table>

            <br>

            <b>Notes:</b> The current error page you are seeing can be replaced by a custom error page by modifying the &quot;defaultRedirect&quot; attribute of the application&#39;s &lt;customErrors&gt; configuration tag to point to a custom error page URL.<br><br>

            <table width=100% bgcolor="#ffffcc">
               <tr>
                  <td>
                      <code><pre>

&lt;!-- Web.Config Configuration File --&gt;

&lt;configuration&gt;
    &lt;system.web&gt;
        &lt;customErrors mode=&quot;RemoteOnly&quot; defaultRedirect=&quot;mycustompage.htm&quot;/&gt;
    &lt;/system.web&gt;
&lt;/configuration&gt;</pre>                      </code>

                  </td>
               </tr>
            </table>

            <br>

            </font>

    </body>
</html>

--------------------
2026-01-06 19:21:52
Array
(
    [name] => divu test
    [mobile] => 9847576438
    [requirement] => Location: India, Visitor IP: ::1
    [Requirements] => Location: India, Visitor IP: ::1
    [interested_in] => 2BHK - SatyamKharghar Mumbai
    [Interested In] => 2BHK - SatyamKharghar Mumbai
    [interest] => 2BHK - SatyamKharghar Mumbai
)
RESPONSE: <!DOCTYPE html>
<html>
    <head>
        <title>Runtime Error</title>
        <meta name="viewport" content="width=device-width" />
        <style>
         body {font-family:"Verdana";font-weight:normal;font-size: .7em;color:black;} 
         p {font-family:"Verdana";font-weight:normal;color:black;margin-top: -5px}
         b {font-family:"Verdana";font-weight:bold;color:black;margin-top: -5px}
         H1 { font-family:"Verdana";font-weight:normal;font-size:18pt;color:red }
         H2 { font-family:"Verdana";font-weight:normal;font-size:14pt;color:maroon }
         pre {font-family:"Consolas","Lucida Console",Monospace;font-size:11pt;margin:0;padding:0.5em;line-height:14pt}
         .marker {font-weight: bold; color: black;text-decoration: none;}
         .version {color: gray;}
         .error {margin-bottom: 10px;}
         .expandable { text-decoration:underline; font-weight:bold; color:navy; cursor:pointer; }
         @media screen and (max-width: 639px) {
          pre { width: 440px; overflow: auto; white-space: pre-wrap; word-wrap: break-word; }
         }
         @media screen and (max-width: 479px) {
          pre { width: 280px; }
         }
        </style>
    </head>

    <body bgcolor="white">

            <span><H1>Server Error in '/' Application.<hr width=100% size=1 color=silver></H1>

            <h2> <i>Runtime Error</i> </h2></span>

            <font face="Arial, Helvetica, Geneva, SunSans-Regular, sans-serif ">

            <b> Description: </b>An application error occurred on the server. The current custom error settings for this application prevent the details of the application error from being viewed remotely (for security reasons). It could, however, be viewed by browsers running on the local server machine.
            <br><br>

            <b>Details:</b> To enable the details of this specific error message to be viewable on remote machines, please create a &lt;customErrors&gt; tag within a &quot;web.config&quot; configuration file located in the root directory of the current web application. This &lt;customErrors&gt; tag should then have its &quot;mode&quot; attribute set to &quot;Off&quot;.<br><br>

            <table width=100% bgcolor="#ffffcc">
               <tr>
                  <td>
                      <code><pre>

&lt;!-- Web.Config Configuration File --&gt;

&lt;configuration&gt;
    &lt;system.web&gt;
        &lt;customErrors mode=&quot;Off&quot;/&gt;
    &lt;/system.web&gt;
&lt;/configuration&gt;</pre>                      </code>

                  </td>
               </tr>
            </table>

            <br>

            <b>Notes:</b> The current error page you are seeing can be replaced by a custom error page by modifying the &quot;defaultRedirect&quot; attribute of the application&#39;s &lt;customErrors&gt; configuration tag to point to a custom error page URL.<br><br>

            <table width=100% bgcolor="#ffffcc">
               <tr>
                  <td>
                      <code><pre>

&lt;!-- Web.Config Configuration File --&gt;

&lt;configuration&gt;
    &lt;system.web&gt;
        &lt;customErrors mode=&quot;RemoteOnly&quot; defaultRedirect=&quot;mycustompage.htm&quot;/&gt;
    &lt;/system.web&gt;
&lt;/configuration&gt;</pre>                      </code>

                  </td>
               </tr>
            </table>

            <br>

            </font>

    </body>
</html>

--------------------
2026-01-06 19:22:30
Array
(
    [name] => divu test
    [mobile] => 9834676534
    [requirement] => Location: India, Visitor IP: ::1
    [Requirements] => Location: India, Visitor IP: ::1
    [interested_in] => 2BHK - SatyamKharghar Mumbai
    [Interested In] => 2BHK - SatyamKharghar Mumbai
    [interest] => 2BHK - SatyamKharghar Mumbai
)
RESPONSE: <!DOCTYPE html>
<html>
    <head>
        <title>Runtime Error</title>
        <meta name="viewport" content="width=device-width" />
        <style>
         body {font-family:"Verdana";font-weight:normal;font-size: .7em;color:black;} 
         p {font-family:"Verdana";font-weight:normal;color:black;margin-top: -5px}
         b {font-family:"Verdana";font-weight:bold;color:black;margin-top: -5px}
         H1 { font-family:"Verdana";font-weight:normal;font-size:18pt;color:red }
         H2 { font-family:"Verdana";font-weight:normal;font-size:14pt;color:maroon }
         pre {font-family:"Consolas","Lucida Console",Monospace;font-size:11pt;margin:0;padding:0.5em;line-height:14pt}
         .marker {font-weight: bold; color: black;text-decoration: none;}
         .version {color: gray;}
         .error {margin-bottom: 10px;}
         .expandable { text-decoration:underline; font-weight:bold; color:navy; cursor:pointer; }
         @media screen and (max-width: 639px) {
          pre { width: 440px; overflow: auto; white-space: pre-wrap; word-wrap: break-word; }
         }
         @media screen and (max-width: 479px) {
          pre { width: 280px; }
         }
        </style>
    </head>

    <body bgcolor="white">

            <span><H1>Server Error in '/' Application.<hr width=100% size=1 color=silver></H1>

            <h2> <i>Runtime Error</i> </h2></span>

            <font face="Arial, Helvetica, Geneva, SunSans-Regular, sans-serif ">

            <b> Description: </b>An application error occurred on the server. The current custom error settings for this application prevent the details of the application error from being viewed remotely (for security reasons). It could, however, be viewed by browsers running on the local server machine.
            <br><br>

            <b>Details:</b> To enable the details of this specific error message to be viewable on remote machines, please create a &lt;customErrors&gt; tag within a &quot;web.config&quot; configuration file located in the root directory of the current web application. This &lt;customErrors&gt; tag should then have its &quot;mode&quot; attribute set to &quot;Off&quot;.<br><br>

            <table width=100% bgcolor="#ffffcc">
               <tr>
                  <td>
                      <code><pre>

&lt;!-- Web.Config Configuration File --&gt;

&lt;configuration&gt;
    &lt;system.web&gt;
        &lt;customErrors mode=&quot;Off&quot;/&gt;
    &lt;/system.web&gt;
&lt;/configuration&gt;</pre>                      </code>

                  </td>
               </tr>
            </table>

            <br>

            <b>Notes:</b> The current error page you are seeing can be replaced by a custom error page by modifying the &quot;defaultRedirect&quot; attribute of the application&#39;s &lt;customErrors&gt; configuration tag to point to a custom error page URL.<br><br>

            <table width=100% bgcolor="#ffffcc">
               <tr>
                  <td>
                      <code><pre>

&lt;!-- Web.Config Configuration File --&gt;

&lt;configuration&gt;
    &lt;system.web&gt;
        &lt;customErrors mode=&quot;RemoteOnly&quot; defaultRedirect=&quot;mycustompage.htm&quot;/&gt;
    &lt;/system.web&gt;
&lt;/configuration&gt;</pre>                      </code>

                  </td>
               </tr>
            </table>

            <br>

            </font>

    </body>
</html>

--------------------
2026-01-06 19:24:36
Array
(
    [name] => divi test
    [mobile] => 9843767836
    [requirement] => Location: India, Visitor IP: ::1
    [Requirements] => Location: India, Visitor IP: ::1
    [interested_in] => 2BHK - SatyamKharghar Mumbai
    [Interested In] => 2BHK - SatyamKharghar Mumbai
    [interest] => 2BHK - SatyamKharghar Mumbai
)
RESPONSE: <!DOCTYPE html>
<html>
    <head>
        <title>Runtime Error</title>
        <meta name="viewport" content="width=device-width" />
        <style>
         body {font-family:"Verdana";font-weight:normal;font-size: .7em;color:black;} 
         p {font-family:"Verdana";font-weight:normal;color:black;margin-top: -5px}
         b {font-family:"Verdana";font-weight:bold;color:black;margin-top: -5px}
         H1 { font-family:"Verdana";font-weight:normal;font-size:18pt;color:red }
         H2 { font-family:"Verdana";font-weight:normal;font-size:14pt;color:maroon }
         pre {font-family:"Consolas","Lucida Console",Monospace;font-size:11pt;margin:0;padding:0.5em;line-height:14pt}
         .marker {font-weight: bold; color: black;text-decoration: none;}
         .version {color: gray;}
         .error {margin-bottom: 10px;}
         .expandable { text-decoration:underline; font-weight:bold; color:navy; cursor:pointer; }
         @media screen and (max-width: 639px) {
          pre { width: 440px; overflow: auto; white-space: pre-wrap; word-wrap: break-word; }
         }
         @media screen and (max-width: 479px) {
          pre { width: 280px; }
         }
        </style>
    </head>

    <body bgcolor="white">

            <span><H1>Server Error in '/' Application.<hr width=100% size=1 color=silver></H1>

            <h2> <i>Runtime Error</i> </h2></span>

            <font face="Arial, Helvetica, Geneva, SunSans-Regular, sans-serif ">

            <b> Description: </b>An application error occurred on the server. The current custom error settings for this application prevent the details of the application error from being viewed remotely (for security reasons). It could, however, be viewed by browsers running on the local server machine.
            <br><br>

            <b>Details:</b> To enable the details of this specific error message to be viewable on remote machines, please create a &lt;customErrors&gt; tag within a &quot;web.config&quot; configuration file located in the root directory of the current web application. This &lt;customErrors&gt; tag should then have its &quot;mode&quot; attribute set to &quot;Off&quot;.<br><br>

            <table width=100% bgcolor="#ffffcc">
               <tr>
                  <td>
                      <code><pre>

&lt;!-- Web.Config Configuration File --&gt;

&lt;configuration&gt;
    &lt;system.web&gt;
        &lt;customErrors mode=&quot;Off&quot;/&gt;
    &lt;/system.web&gt;
&lt;/configuration&gt;</pre>                      </code>

                  </td>
               </tr>
            </table>

            <br>

            <b>Notes:</b> The current error page you are seeing can be replaced by a custom error page by modifying the &quot;defaultRedirect&quot; attribute of the application&#39;s &lt;customErrors&gt; configuration tag to point to a custom error page URL.<br><br>

            <table width=100% bgcolor="#ffffcc">
               <tr>
                  <td>
                      <code><pre>

&lt;!-- Web.Config Configuration File --&gt;

&lt;configuration&gt;
    &lt;system.web&gt;
        &lt;customErrors mode=&quot;RemoteOnly&quot; defaultRedirect=&quot;mycustompage.htm&quot;/&gt;
    &lt;/system.web&gt;
&lt;/configuration&gt;</pre>                      </code>

                  </td>
               </tr>
            </table>

            <br>

            </font>

    </body>
</html>

--------------------
2026-01-07 06:23:45
Array
(
    [name] => diu test
    [mobile] => 9845734453
    [requirement] => Project: Riverview City, Location: static Form, Visitor IP: ::1, Lead Location: static Form
    [Requirements] => Project: Riverview City, Location: static Form, Visitor IP: ::1, Lead Location: static Form
    [interested_in] => Riverview City
    [Interested In] => Riverview City
    [interest] => Riverview City
)
RESPONSE: <!DOCTYPE html>
<html>
    <head>
        <title>Runtime Error</title>
        <meta name="viewport" content="width=device-width" />
        <style>
         body {font-family:"Verdana";font-weight:normal;font-size: .7em;color:black;} 
         p {font-family:"Verdana";font-weight:normal;color:black;margin-top: -5px}
         b {font-family:"Verdana";font-weight:bold;color:black;margin-top: -5px}
         H1 { font-family:"Verdana";font-weight:normal;font-size:18pt;color:red }
         H2 { font-family:"Verdana";font-weight:normal;font-size:14pt;color:maroon }
         pre {font-family:"Consolas","Lucida Console",Monospace;font-size:11pt;margin:0;padding:0.5em;line-height:14pt}
         .marker {font-weight: bold; color: black;text-decoration: none;}
         .version {color: gray;}
         .error {margin-bottom: 10px;}
         .expandable { text-decoration:underline; font-weight:bold; color:navy; cursor:pointer; }
         @media screen and (max-width: 639px) {
          pre { width: 440px; overflow: auto; white-space: pre-wrap; word-wrap: break-word; }
         }
         @media screen and (max-width: 479px) {
          pre { width: 280px; }
         }
        </style>
    </head>

    <body bgcolor="white">

            <span><H1>Server Error in '/' Application.<hr width=100% size=1 color=silver></H1>

            <h2> <i>Runtime Error</i> </h2></span>

            <font face="Arial, Helvetica, Geneva, SunSans-Regular, sans-serif ">

            <b> Description: </b>An application error occurred on the server. The current custom error settings for this application prevent the details of the application error from being viewed remotely (for security reasons). It could, however, be viewed by browsers running on the local server machine.
            <br><br>

            <b>Details:</b> To enable the details of this specific error message to be viewable on remote machines, please create a &lt;customErrors&gt; tag within a &quot;web.config&quot; configuration file located in the root directory of the current web application. This &lt;customErrors&gt; tag should then have its &quot;mode&quot; attribute set to &quot;Off&quot;.<br><br>

            <table width=100% bgcolor="#ffffcc">
               <tr>
                  <td>
                      <code><pre>

&lt;!-- Web.Config Configuration File --&gt;

&lt;configuration&gt;
    &lt;system.web&gt;
        &lt;customErrors mode=&quot;Off&quot;/&gt;
    &lt;/system.web&gt;
&lt;/configuration&gt;</pre>                      </code>

                  </td>
               </tr>
            </table>

            <br>

            <b>Notes:</b> The current error page you are seeing can be replaced by a custom error page by modifying the &quot;defaultRedirect&quot; attribute of the application&#39;s &lt;customErrors&gt; configuration tag to point to a custom error page URL.<br><br>

            <table width=100% bgcolor="#ffffcc">
               <tr>
                  <td>
                      <code><pre>

&lt;!-- Web.Config Configuration File --&gt;

&lt;configuration&gt;
    &lt;system.web&gt;
        &lt;customErrors mode=&quot;RemoteOnly&quot; defaultRedirect=&quot;mycustompage.htm&quot;/&gt;
    &lt;/system.web&gt;
&lt;/configuration&gt;</pre>                      </code>

                  </td>
               </tr>
            </table>

            <br>

            </font>

    </body>
</html>

--------------------
2026-01-07 06:25:36
Array
(
    [name] => Diu test
    [mobile] => 9836574535
    [requirement] => Location: India, Visitor IP: ::1
    [Requirements] => Location: India, Visitor IP: ::1
    [interested_in] => 2BHK - SatyamKharghar Mumbai
    [Interested In] => 2BHK - SatyamKharghar Mumbai
    [interest] => 2BHK - SatyamKharghar Mumbai
)
RESPONSE: <!DOCTYPE html>
<html>
    <head>
        <title>Runtime Error</title>
        <meta name="viewport" content="width=device-width" />
        <style>
         body {font-family:"Verdana";font-weight:normal;font-size: .7em;color:black;} 
         p {font-family:"Verdana";font-weight:normal;color:black;margin-top: -5px}
         b {font-family:"Verdana";font-weight:bold;color:black;margin-top: -5px}
         H1 { font-family:"Verdana";font-weight:normal;font-size:18pt;color:red }
         H2 { font-family:"Verdana";font-weight:normal;font-size:14pt;color:maroon }
         pre {font-family:"Consolas","Lucida Console",Monospace;font-size:11pt;margin:0;padding:0.5em;line-height:14pt}
         .marker {font-weight: bold; color: black;text-decoration: none;}
         .version {color: gray;}
         .error {margin-bottom: 10px;}
         .expandable { text-decoration:underline; font-weight:bold; color:navy; cursor:pointer; }
         @media screen and (max-width: 639px) {
          pre { width: 440px; overflow: auto; white-space: pre-wrap; word-wrap: break-word; }
         }
         @media screen and (max-width: 479px) {
          pre { width: 280px; }
         }
        </style>
    </head>

    <body bgcolor="white">

            <span><H1>Server Error in '/' Application.<hr width=100% size=1 color=silver></H1>

            <h2> <i>Runtime Error</i> </h2></span>

            <font face="Arial, Helvetica, Geneva, SunSans-Regular, sans-serif ">

            <b> Description: </b>An application error occurred on the server. The current custom error settings for this application prevent the details of the application error from being viewed remotely (for security reasons). It could, however, be viewed by browsers running on the local server machine.
            <br><br>

            <b>Details:</b> To enable the details of this specific error message to be viewable on remote machines, please create a &lt;customErrors&gt; tag within a &quot;web.config&quot; configuration file located in the root directory of the current web application. This &lt;customErrors&gt; tag should then have its &quot;mode&quot; attribute set to &quot;Off&quot;.<br><br>

            <table width=100% bgcolor="#ffffcc">
               <tr>
                  <td>
                      <code><pre>

&lt;!-- Web.Config Configuration File --&gt;

&lt;configuration&gt;
    &lt;system.web&gt;
        &lt;customErrors mode=&quot;Off&quot;/&gt;
    &lt;/system.web&gt;
&lt;/configuration&gt;</pre>                      </code>

                  </td>
               </tr>
            </table>

            <br>

            <b>Notes:</b> The current error page you are seeing can be replaced by a custom error page by modifying the &quot;defaultRedirect&quot; attribute of the application&#39;s &lt;customErrors&gt; configuration tag to point to a custom error page URL.<br><br>

            <table width=100% bgcolor="#ffffcc">
               <tr>
                  <td>
                      <code><pre>

&lt;!-- Web.Config Configuration File --&gt;

&lt;configuration&gt;
    &lt;system.web&gt;
        &lt;customErrors mode=&quot;RemoteOnly&quot; defaultRedirect=&quot;mycustompage.htm&quot;/&gt;
    &lt;/system.web&gt;
&lt;/configuration&gt;</pre>                      </code>

                  </td>
               </tr>
            </table>

            <br>

            </font>

    </body>
</html>

--------------------
2026-01-07 06:27:35
Array
(
    [name] => Divi test
    [mobile] => 9834736564
    [requirement] => Project: Riverview City, Location: static Form, Visitor IP: ::1, Lead Location: static Form
    [Requirements] => Project: Riverview City, Location: static Form, Visitor IP: ::1, Lead Location: static Form
    [interested_in] => Riverview City
    [Interested In] => Riverview City
    [interest] => Riverview City
)
RESPONSE: <!DOCTYPE html>
<html>
    <head>
        <title>Runtime Error</title>
        <meta name="viewport" content="width=device-width" />
        <style>
         body {font-family:"Verdana";font-weight:normal;font-size: .7em;color:black;} 
         p {font-family:"Verdana";font-weight:normal;color:black;margin-top: -5px}
         b {font-family:"Verdana";font-weight:bold;color:black;margin-top: -5px}
         H1 { font-family:"Verdana";font-weight:normal;font-size:18pt;color:red }
         H2 { font-family:"Verdana";font-weight:normal;font-size:14pt;color:maroon }
         pre {font-family:"Consolas","Lucida Console",Monospace;font-size:11pt;margin:0;padding:0.5em;line-height:14pt}
         .marker {font-weight: bold; color: black;text-decoration: none;}
         .version {color: gray;}
         .error {margin-bottom: 10px;}
         .expandable { text-decoration:underline; font-weight:bold; color:navy; cursor:pointer; }
         @media screen and (max-width: 639px) {
          pre { width: 440px; overflow: auto; white-space: pre-wrap; word-wrap: break-word; }
         }
         @media screen and (max-width: 479px) {
          pre { width: 280px; }
         }
        </style>
    </head>

    <body bgcolor="white">

            <span><H1>Server Error in '/' Application.<hr width=100% size=1 color=silver></H1>

            <h2> <i>Runtime Error</i> </h2></span>

            <font face="Arial, Helvetica, Geneva, SunSans-Regular, sans-serif ">

            <b> Description: </b>An application error occurred on the server. The current custom error settings for this application prevent the details of the application error from being viewed remotely (for security reasons). It could, however, be viewed by browsers running on the local server machine.
            <br><br>

            <b>Details:</b> To enable the details of this specific error message to be viewable on remote machines, please create a &lt;customErrors&gt; tag within a &quot;web.config&quot; configuration file located in the root directory of the current web application. This &lt;customErrors&gt; tag should then have its &quot;mode&quot; attribute set to &quot;Off&quot;.<br><br>

            <table width=100% bgcolor="#ffffcc">
               <tr>
                  <td>
                      <code><pre>

&lt;!-- Web.Config Configuration File --&gt;

&lt;configuration&gt;
    &lt;system.web&gt;
        &lt;customErrors mode=&quot;Off&quot;/&gt;
    &lt;/system.web&gt;
&lt;/configuration&gt;</pre>                      </code>

                  </td>
               </tr>
            </table>

            <br>

            <b>Notes:</b> The current error page you are seeing can be replaced by a custom error page by modifying the &quot;defaultRedirect&quot; attribute of the application&#39;s &lt;customErrors&gt; configuration tag to point to a custom error page URL.<br><br>

            <table width=100% bgcolor="#ffffcc">
               <tr>
                  <td>
                      <code><pre>

&lt;!-- Web.Config Configuration File --&gt;

&lt;configuration&gt;
    &lt;system.web&gt;
        &lt;customErrors mode=&quot;RemoteOnly&quot; defaultRedirect=&quot;mycustompage.htm&quot;/&gt;
    &lt;/system.web&gt;
&lt;/configuration&gt;</pre>                      </code>

                  </td>
               </tr>
            </table>

            <br>

            </font>

    </body>
</html>

--------------------
2026-01-07 06:29:03
Array
(
    [name] => divi test
    [mobile] => 9847567544
    [requirement] => Location: India, Visitor IP: ::1
    [Requirements] => Location: India, Visitor IP: ::1
    [interested_in] => 2BHK - SatyamKharghar Mumbai
    [Interested In] => 2BHK - SatyamKharghar Mumbai
    [interest] => 2BHK - SatyamKharghar Mumbai
)
RESPONSE: <!DOCTYPE html>
<html>
    <head>
        <title>Runtime Error</title>
        <meta name="viewport" content="width=device-width" />
        <style>
         body {font-family:"Verdana";font-weight:normal;font-size: .7em;color:black;} 
         p {font-family:"Verdana";font-weight:normal;color:black;margin-top: -5px}
         b {font-family:"Verdana";font-weight:bold;color:black;margin-top: -5px}
         H1 { font-family:"Verdana";font-weight:normal;font-size:18pt;color:red }
         H2 { font-family:"Verdana";font-weight:normal;font-size:14pt;color:maroon }
         pre {font-family:"Consolas","Lucida Console",Monospace;font-size:11pt;margin:0;padding:0.5em;line-height:14pt}
         .marker {font-weight: bold; color: black;text-decoration: none;}
         .version {color: gray;}
         .error {margin-bottom: 10px;}
         .expandable { text-decoration:underline; font-weight:bold; color:navy; cursor:pointer; }
         @media screen and (max-width: 639px) {
          pre { width: 440px; overflow: auto; white-space: pre-wrap; word-wrap: break-word; }
         }
         @media screen and (max-width: 479px) {
          pre { width: 280px; }
         }
        </style>
    </head>

    <body bgcolor="white">

            <span><H1>Server Error in '/' Application.<hr width=100% size=1 color=silver></H1>

            <h2> <i>Runtime Error</i> </h2></span>

            <font face="Arial, Helvetica, Geneva, SunSans-Regular, sans-serif ">

            <b> Description: </b>An application error occurred on the server. The current custom error settings for this application prevent the details of the application error from being viewed remotely (for security reasons). It could, however, be viewed by browsers running on the local server machine.
            <br><br>

            <b>Details:</b> To enable the details of this specific error message to be viewable on remote machines, please create a &lt;customErrors&gt; tag within a &quot;web.config&quot; configuration file located in the root directory of the current web application. This &lt;customErrors&gt; tag should then have its &quot;mode&quot; attribute set to &quot;Off&quot;.<br><br>

            <table width=100% bgcolor="#ffffcc">
               <tr>
                  <td>
                      <code><pre>

&lt;!-- Web.Config Configuration File --&gt;

&lt;configuration&gt;
    &lt;system.web&gt;
        &lt;customErrors mode=&quot;Off&quot;/&gt;
    &lt;/system.web&gt;
&lt;/configuration&gt;</pre>                      </code>

                  </td>
               </tr>
            </table>

            <br>

            <b>Notes:</b> The current error page you are seeing can be replaced by a custom error page by modifying the &quot;defaultRedirect&quot; attribute of the application&#39;s &lt;customErrors&gt; configuration tag to point to a custom error page URL.<br><br>

            <table width=100% bgcolor="#ffffcc">
               <tr>
                  <td>
                      <code><pre>

&lt;!-- Web.Config Configuration File --&gt;

&lt;configuration&gt;
    &lt;system.web&gt;
        &lt;customErrors mode=&quot;RemoteOnly&quot; defaultRedirect=&quot;mycustompage.htm&quot;/&gt;
    &lt;/system.web&gt;
&lt;/configuration&gt;</pre>                      </code>

                  </td>
               </tr>
            </table>

            <br>

            </font>

    </body>
</html>

--------------------
2026-01-07 06:41:25
IP: ::1
Location: Static Form
Array
(
    [name] => divya testing
    [mobile] => 9834365234
    [requirement] => Project: Riverview City, Location: Static Form, Visitor IP: ::1, Lead Location: Static Form
    [Project] => Riverview City
    [Location] => Static Form
    [Visitor IP] => ::1
    [Lead Location] => Static Form
)
HTTP Code: 200
RESPONSE: Successful, API mapping is missing
--------------------
2026-01-07 06:45:27
IP: ::1
Location: Static Form
Array
(
    [name] => divi testing
    [mobile] => 9834578746
    [requirement] => Project: Riverview City, Location: Static Form, Visitor IP: ::1, Lead Location: Static Form
)
HTTP Code: 200
RESPONSE: Successful, API mapping is missing
--------------------
2026-01-07 06:49:21
IP: ::1
Location: Undefined
Array
(
    [name] => divi testng
    [mobile] => 9834673945
    [requirement] => Project: Riverview City, Location: Undefined, Visitor IP: ::1, Lead Location: Undefined
)
CRM Response Code: 200
--------------------
2026-01-07 06:50:47
IP: ::1
Location: Undefined
Array
(
    [name] => divya testing
    [mobile] => 9845647546
    [requirement] => Project: Riverview City, Location: Undefined, Visitor IP: ::1, Lead Location: Undefined
)
CRM Response Code: 200
--------------------
2026-01-07 06:55:12
IP: ::1
Location: Undefined
Array
(
    [name] => divya testing
    [mobile] => 9823546546
    [requirement] => Project: Riverview City, Location: Undefined, Visitor IP: ::1, Lead Location: Undefined
)
CRM Response Code: 200
--------------------
2026-01-07 07:04:20
IP: ::1
Location: Undefined
Array
(
    [name] => divya demo
    [mobile] => 9847673654
    [requirement] => Project: Riverview City, Location: Undefined, Visitor IP: ::1, Lead Location: Undefined
)
CRM Response Code: 200
--------------------
2026-01-07 07:05:50
IP: ::1
Location: Undefined
Array
(
    [name] => divya demo
    [mobile] => 9843754655
    [requirement] => Project: Riverview City, Location: Undefined, Visitor IP: ::1, Lead Location: Undefined
)
CRM Response Code: 200
--------------------
2026-01-07 07:17:20
IP: ::1
Location: Undefined
Array
(
    [name] => divya demotest
    [mobile] => 9867354387
    [remark] => Project: Riverview City, Location: Undefined, Visitor IP: ::1, Lead Location: Undefined
)
CRM Response Code: 200
--------------------
2026-01-07 07:20:58
IP: ::1
Location: Undefined
Array
(
    [name] => divyademo testing
    [mobile] => 7948375535
    [remark] => Project: Riverview City, Location: Undefined, Visitor IP: ::1, Lead Location: Undefined
)
CRM Response Code: 200
--------------------
2026-01-07 07:34:44
IP: ::1
Location: Undefined
Array
(
    [name] => testing divya
    [mobile] => 9876545656
    [remark] => Project: Riverview City, Location: Undefined, Visitor IP: ::1, Lead Location: Undefined
)
CRM Response Code: 200
--------------------
2026-01-07 07:38:11
IP: ::1
Location: Undefined
Array
(
    [name] => divi test
    [mobile] => 6837594386
    [remark] => Project: Riverview City, Location: Undefined, Visitor IP: ::1, Lead Location: Undefined
)
CRM Response Code: 200
--------------------
2026-01-07 07:50:20
IP: ::1
Location: Undefined
Array
(
    [name] => testing divi
    [mobile] => 9834735467
    [remark] => Project: Riverview City, Location: Undefined, Visitor IP: ::1, Lead Location: Undefined
    [interested_in] => 
)
CRM Response Code: 200
--------------------
2026-01-07 07:56:57
Array
(
    [name] => test divya
    [mobile] => 9863475434
    [remark] => Project: Riverview City, Location: Undefined, Visitor IP: ::1, Lead Location: Undefined
    [interested_in] => Interested in: Riverview City
)
HTTP: 200
---------------------
2026-01-07 08:08:24
Array
(
    [name] => test divyatest
    [mobile] => 7637324683
    [remark] => Project: SatyamKharghar, Location: Undefined, Visitor IP: ::1, Lead Location: Undefined
    [interested_in] => Interested in: SatyamKharghar
)
HTTP: 200
---------------------
2026-01-07 08:23:19
Array
(
    [name] => test demo
    [mobile] => 9347856544
    [remark] => Project: SatyamKharghar, Location: Undefined, Visitor IP: ::1, Lead Location: Undefined
    [interested_in] => Interested in: SatyamKharghar
    [project] => SatyamKharghar
)
HTTP: 200
---------------------
2026-01-07 08:24:56
Array
(
    [name] => test demo
    [mobile] => 9347876345
    [remark] => Project: SatyamKharghar, Location: Undefined, Visitor IP: ::1, Lead Location: Undefined
    [interested_in] => Interested in: SatyamKharghar
    [project] => SatyamKharghar
)
HTTP: 200
---------------------
2026-01-07 08:30:45
Array
(
    [name] => testing demo
    [mobile] => 9845646575
    [remark] => Location: Undefined, Visitor IP: ::1, Lead Location: Undefined
    [interested_in] => SatyamKharghar
    [project] => SatyamKharghar
)
HTTP: 200
---------------------
