2026-01-17 11:46:44
Form: Auto Popup
IP: ::1
Location: Undefined
Array
(
    [name] => dtest
    [mobile] => 8347576434
    [remark] => Location: Undefined, Visitor IP: ::1, Lead Source: Auto Popup
    [interested_in] => Interested in: Paradise Sai World Empire
    [project] => Paradise Sai World Empire
)
HTTP Code: 200
Response: Successful, API mapping is missing
---------------------
2026-01-17 12:02:23
Form Source: Auto Popup
IP: ::1
Location: Undefined
Remark Sent: Name: dtest, Mobile: 8437538765, Project: Paradise Sai World Empire, Type: General, Location: Undefined, Visitor IP: ::1
HTTP Code: 200
---------------------
2026-01-17 12:05:08 | divya test | 8347563453 | HTTP: 200
2026-01-17 12:08:19 | dtest | 7346574436 | HTTP: 200
2026-01-17 12:10:59 | divya test | 8734576345 | Location: Undefined
2026-01-17 12:16:25 | divya test | 8235437545 | Location: Undefined
2026-01-17 12:18:26 | Name: dtest | Mobile: 8743573463 | Location: Local Test | HTTP: 200
2026-01-17 12:22:48 | Name: divya test | Mobile: 8274573437 | Location: Local Test | HTTP: 200
2026-01-20 10:14:06 | Name: Chatbot User | Mobile: 8237473546 | Location: Local Test | HTTP: 200
2026-01-20 10:49:07 | Name: 9835384658 | Mobile: 9835384658 | Location: Local Test | HTTP: 200
2026-01-20 10:51:51 | Name: 8237583467 | Mobile: 8237583467 | Location: Local Test | HTTP: 200
2026-01-20 10:56:55 | Name: Divya | Mobile: 8745734654 | Location: Local Test | HTTP: 200
2026-01-20 11:02:30 | Name: divya test | Mobile: 8327584323 | Location: Local Test | HTTP: 200
